<?xml version="1.0" encoding="UTF-8"?>
<!-- Generated by org.testng.reporters.JUnitReportReporter -->
<testsuite hostname="Dell7490" failures="0" tests="1" name="tests.LoginTest1" time="10.506" errors="0" timestamp="2024-08-22T23:58:49 IST" skipped="0">
  <testcase classname="tests.LoginTest1" name="testValidLogin" time="10.506"/>
  <system-out/>
</testsuite> <!-- tests.LoginTest1 -->
